CMake Deprecation Warning at CMakeLists.txt:25 (cmake_minimum_required):
  Compatibility with CMake < 2.8.12 will be removed from a future version of
  CMake.

  Update the VERSION argument <min> value or use a ...<max> suffix to tell
  CMake that the project does not need compatibility with older versions.


CMake Deprecation Warning at CMakeLists.txt:25 (cmake_minimum_required):
  Compatibility with CMake < 2.8.12 will be removed from a future version of
  CMake.

  Update the VERSION argument <min> value or use a ...<max> suffix to tell
  CMake that the project does not need compatibility with older versions.


CMake Deprecation Warning at CMakeLists.txt:25 (cmake_minimum_required):
  Compatibility with CMake < 2.8.12 will be removed from a future version of
  CMake.

  Update the VERSION argument <min> value or use a ...<max> suffix to tell
  CMake that the project does not need compatibility with older versions.


CMake Deprecation Warning at CMakeLists.txt:25 (cmake_minimum_required):
  Compatibility with CMake < 2.8.12 will be removed from a future version of
  CMake.

  Update the VERSION argument <min> value or use a ...<max> suffix to tell
  CMake that the project does not need compatibility with older versions.


CMake Deprecation Warning at CMakeLists.txt:25 (cmake_minimum_required):
  Compatibility with CMake < 2.8.12 will be removed from a future version of
  CMake.

  Update the VERSION argument <min> value or use a ...<max> suffix to tell
  CMake that the project does not need compatibility with older versions.


CMake Deprecation Warning at CMakeLists.txt:25 (cmake_minimum_required):
  Compatibility with CMake < 2.8.12 will be removed from a future version of
  CMake.

  Update the VERSION argument <min> value or use a ...<max> suffix to tell
  CMake that the project does not need compatibility with older versions.


CMake Deprecation Warning at CMakeLists.txt:25 (cmake_minimum_required):
  Compatibility with CMake < 2.8.12 will be removed from a future version of
  CMake.

  Update the VERSION argument <min> value or use a ...<max> suffix to tell
  CMake that the project does not need compatibility with older versions.


CMake Deprecation Warning at CMakeLists.txt:25 (cmake_minimum_required):
  Compatibility with CMake < 2.8.12 will be removed from a future version of
  CMake.

  Update the VERSION argument <min> value or use a ...<max> suffix to tell
  CMake that the project does not need compatibility with older versions.


CMake Deprecation Warning at CMakeLists.txt:25 (cmake_minimum_required):
  Compatibility with CMake < 2.8.12 will be removed from a future version of
  CMake.

  Update the VERSION argument <min> value or use a ...<max> suffix to tell
  CMake that the project does not need compatibility with older versions.


CMake Deprecation Warning at CMakeLists.txt:25 (cmake_minimum_required):
  Compatibility with CMake < 2.8.12 will be removed from a future version of
  CMake.

  Update the VERSION argument <min> value or use a ...<max> suffix to tell
  CMake that the project does not need compatibility with older versions.


CMake Deprecation Warning at CMakeLists.txt:25 (cmake_minimum_required):
  Compatibility with CMake < 2.8.12 will be removed from a future version of
  CMake.

  Update the VERSION argument <min> value or use a ...<max> suffix to tell
  CMake that the project does not need compatibility with older versions.


In file included from /tmp/benchmarks_gpgpu_amd-app-sdk-3.0kxdq5h7i/samples/opencl/cl/1.x/NBody/NBody.cpp:20:0:
/opt/AMDAPPSDK-3.0/include/GL/glut.h:67:0: warning: "APIENTRY" redefined [enabled by default]
 #define APIENTRY
 ^
In file included from /opt/AMDAPPSDK-3.0/include/GL/glut.h:62:0,
                 from /tmp/benchmarks_gpgpu_amd-app-sdk-3.0kxdq5h7i/samples/opencl/cl/1.x/NBody/NBody.cpp:20:
/usr/include/GL/gl.h:88:0: note: this is the location of the previous definition
 #define APIENTRY GLAPIENTRY
 ^
CMake Deprecation Warning at CMakeLists.txt:25 (cmake_minimum_required):
  Compatibility with CMake < 2.8.12 will be removed from a future version of
  CMake.

  Update the VERSION argument <min> value or use a ...<max> suffix to tell
  CMake that the project does not need compatibility with older versions.


CMake Deprecation Warning at CMakeLists.txt:25 (cmake_minimum_required):
  Compatibility with CMake < 2.8.12 will be removed from a future version of
  CMake.

  Update the VERSION argument <min> value or use a ...<max> suffix to tell
  CMake that the project does not need compatibility with older versions.


CMake Deprecation Warning at CMakeLists.txt:25 (cmake_minimum_required):
  Compatibility with CMake < 2.8.12 will be removed from a future version of
  CMake.

  Update the VERSION argument <min> value or use a ...<max> suffix to tell
  CMake that the project does not need compatibility with older versions.


CMake Deprecation Warning at CMakeLists.txt:25 (cmake_minimum_required):
  Compatibility with CMake < 2.8.12 will be removed from a future version of
  CMake.

  Update the VERSION argument <min> value or use a ...<max> suffix to tell
  CMake that the project does not need compatibility with older versions.


CMake Deprecation Warning at CMakeLists.txt:25 (cmake_minimum_required):
  Compatibility with CMake < 2.8.12 will be removed from a future version of
  CMake.

  Update the VERSION argument <min> value or use a ...<max> suffix to tell
  CMake that the project does not need compatibility with older versions.


make[1]: ../sys/setparams: Command not found
make[1]: *** [npbparams.h] Error 127
make[1]: *** Waiting for unfinished jobs....
ep.c: In function ‘main’:
ep.c:115:20: warning: variable ‘t2’ set but not used [-Wunused-but-set-variable]
   double Mops, t1, t2;
                    ^
ep.c: In function ‘main’:
ep.c:115:20: warning: variable ‘t2’ set but not used [-Wunused-but-set-variable]
   double Mops, t1, t2;
                    ^
ep.c: In function ‘main’:
ep.c:115:20: warning: variable ‘t2’ set but not used [-Wunused-but-set-variable]
   double Mops, t1, t2;
                    ^
ep.c: In function ‘main’:
ep.c:115:20: warning: variable ‘t2’ set but not used [-Wunused-but-set-variable]
   double Mops, t1, t2;
                    ^
is.c:93:45: warning: ‘k_rank3’ defined but not used [-Wunused-variable]
 static cl_kernel k_rank0, k_rank1, k_rank2, k_rank3, k_rank4;
                                             ^
is.c:101:15: warning: ‘m_bucket_ptrs’ defined but not used [-Wunused-variable]
 static cl_mem m_bucket_ptrs, m_bucket_size;
               ^
is.c:101:30: warning: ‘m_bucket_size’ defined but not used [-Wunused-variable]
 static cl_mem m_bucket_ptrs, m_bucket_size;
                              ^
is.c:106:15: warning: ‘RANK_GROUP_SIZE’ defined but not used [-Wunused-variable]
 static size_t RANK_GROUP_SIZE, RANK_GLOBAL_SIZE;
               ^
is.c:106:32: warning: ‘RANK_GLOBAL_SIZE’ defined but not used [-Wunused-variable]
 static size_t RANK_GROUP_SIZE, RANK_GLOBAL_SIZE;
                                ^
is.c:93:45: warning: ‘k_rank3’ defined but not used [-Wunused-variable]
 static cl_kernel k_rank0, k_rank1, k_rank2, k_rank3, k_rank4;
                                             ^
is.c:101:15: warning: ‘m_bucket_ptrs’ defined but not used [-Wunused-variable]
 static cl_mem m_bucket_ptrs, m_bucket_size;
               ^
is.c:101:30: warning: ‘m_bucket_size’ defined but not used [-Wunused-variable]
 static cl_mem m_bucket_ptrs, m_bucket_size;
                              ^
is.c:106:15: warning: ‘RANK_GROUP_SIZE’ defined but not used [-Wunused-variable]
 static size_t RANK_GROUP_SIZE, RANK_GLOBAL_SIZE;
               ^
is.c:106:32: warning: ‘RANK_GLOBAL_SIZE’ defined but not used [-Wunused-variable]
 static size_t RANK_GROUP_SIZE, RANK_GLOBAL_SIZE;
                                ^
is.c:93:45: warning: ‘k_rank3’ defined but not used [-Wunused-variable]
 static cl_kernel k_rank0, k_rank1, k_rank2, k_rank3, k_rank4;
                                             ^
is.c:101:15: warning: ‘m_bucket_ptrs’ defined but not used [-Wunused-variable]
 static cl_mem m_bucket_ptrs, m_bucket_size;
               ^
is.c:101:30: warning: ‘m_bucket_size’ defined but not used [-Wunused-variable]
 static cl_mem m_bucket_ptrs, m_bucket_size;
                              ^
is.c:106:15: warning: ‘RANK_GROUP_SIZE’ defined but not used [-Wunused-variable]
 static size_t RANK_GROUP_SIZE, RANK_GLOBAL_SIZE;
               ^
is.c:106:32: warning: ‘RANK_GLOBAL_SIZE’ defined but not used [-Wunused-variable]
 static size_t RANK_GROUP_SIZE, RANK_GLOBAL_SIZE;
                                ^
is.c:93:45: warning: ‘k_rank3’ defined but not used [-Wunused-variable]
 static cl_kernel k_rank0, k_rank1, k_rank2, k_rank3, k_rank4;
                                             ^
is.c:101:15: warning: ‘m_bucket_ptrs’ defined but not used [-Wunused-variable]
 static cl_mem m_bucket_ptrs, m_bucket_size;
               ^
is.c:101:30: warning: ‘m_bucket_size’ defined but not used [-Wunused-variable]
 static cl_mem m_bucket_ptrs, m_bucket_size;
                              ^
is.c:106:15: warning: ‘RANK_GROUP_SIZE’ defined but not used [-Wunused-variable]
 static size_t RANK_GROUP_SIZE, RANK_GLOBAL_SIZE;
               ^
is.c:106:32: warning: ‘RANK_GLOBAL_SIZE’ defined but not used [-Wunused-variable]
 static size_t RANK_GROUP_SIZE, RANK_GLOBAL_SIZE;
                                ^
is.c:93:45: warning: ‘k_rank3’ defined but not used [-Wunused-variable]
 static cl_kernel k_rank0, k_rank1, k_rank2, k_rank3, k_rank4;
                                             ^
is.c:101:15: warning: ‘m_bucket_ptrs’ defined but not used [-Wunused-variable]
 static cl_mem m_bucket_ptrs, m_bucket_size;
               ^
is.c:101:30: warning: ‘m_bucket_size’ defined but not used [-Wunused-variable]
 static cl_mem m_bucket_ptrs, m_bucket_size;
                              ^
is.c:106:15: warning: ‘RANK_GROUP_SIZE’ defined but not used [-Wunused-variable]
 static size_t RANK_GROUP_SIZE, RANK_GLOBAL_SIZE;
               ^
is.c:106:32: warning: ‘RANK_GLOBAL_SIZE’ defined but not used [-Wunused-variable]
 static size_t RANK_GROUP_SIZE, RANK_GLOBAL_SIZE;
                                ^
mg.c: In function ‘main’:
mg.c:259:9: warning: variable ‘result’ set but not used [-Wunused-but-set-variable]
     int result;
         ^
mg.c:214:28: warning: variable ‘oldu’ set but not used [-Wunused-but-set-variable]
   double rnm2, rnmu, old2, oldu, epsilon;
                            ^
mg.c:214:22: warning: variable ‘old2’ set but not used [-Wunused-but-set-variable]
   double rnm2, rnmu, old2, oldu, epsilon;
                      ^
mg.c: In function ‘zran3’:
mg.c:1500:10: warning: variable ‘rdummy’ set but not used [-Wunused-but-set-variable]
   double rdummy;
          ^
mg.c:1481:23: warning: variable ‘e1’ set but not used [-Wunused-but-set-variable]
   int i1, i2, i3, d1, e1, e2, e3;
                       ^
mg.c:1481:7: warning: variable ‘i1’ set but not used [-Wunused-but-set-variable]
   int i1, i2, i3, d1, e1, e2, e3;
       ^
mg.c:1479:7: warning: variable ‘i0’ set but not used [-Wunused-but-set-variable]
   int i0, mm0, mm1;
       ^
mg.c: In function ‘power’:
mg.c:1917:10: warning: variable ‘rdummy’ set but not used [-Wunused-but-set-variable]
   double rdummy;
          ^
mg.c: In function ‘main’:
mg.c:259:9: warning: variable ‘result’ set but not used [-Wunused-but-set-variable]
     int result;
         ^
mg.c:214:28: warning: variable ‘oldu’ set but not used [-Wunused-but-set-variable]
   double rnm2, rnmu, old2, oldu, epsilon;
                            ^
mg.c:214:22: warning: variable ‘old2’ set but not used [-Wunused-but-set-variable]
   double rnm2, rnmu, old2, oldu, epsilon;
                      ^
mg.c: In function ‘zran3’:
mg.c:1500:10: warning: variable ‘rdummy’ set but not used [-Wunused-but-set-variable]
   double rdummy;
          ^
mg.c:1481:23: warning: variable ‘e1’ set but not used [-Wunused-but-set-variable]
   int i1, i2, i3, d1, e1, e2, e3;
                       ^
mg.c:1481:7: warning: variable ‘i1’ set but not used [-Wunused-but-set-variable]
   int i1, i2, i3, d1, e1, e2, e3;
       ^
mg.c:1479:7: warning: variable ‘i0’ set but not used [-Wunused-but-set-variable]
   int i0, mm0, mm1;
       ^
mg.c: In function ‘power’:
mg.c:1917:10: warning: variable ‘rdummy’ set but not used [-Wunused-but-set-variable]
   double rdummy;
          ^
mg.c: In function ‘main’:
mg.c:259:9: warning: variable ‘result’ set but not used [-Wunused-but-set-variable]
     int result;
         ^
mg.c:214:28: warning: variable ‘oldu’ set but not used [-Wunused-but-set-variable]
   double rnm2, rnmu, old2, oldu, epsilon;
                            ^
mg.c:214:22: warning: variable ‘old2’ set but not used [-Wunused-but-set-variable]
   double rnm2, rnmu, old2, oldu, epsilon;
                      ^
mg.c: In function ‘zran3’:
mg.c:1500:10: warning: variable ‘rdummy’ set but not used [-Wunused-but-set-variable]
   double rdummy;
          ^
mg.c:1481:23: warning: variable ‘e1’ set but not used [-Wunused-but-set-variable]
   int i1, i2, i3, d1, e1, e2, e3;
                       ^
mg.c:1481:7: warning: variable ‘i1’ set but not used [-Wunused-but-set-variable]
   int i1, i2, i3, d1, e1, e2, e3;
       ^
mg.c:1479:7: warning: variable ‘i0’ set but not used [-Wunused-but-set-variable]
   int i0, mm0, mm1;
       ^
mg.c: In function ‘power’:
mg.c:1917:10: warning: variable ‘rdummy’ set but not used [-Wunused-but-set-variable]
   double rdummy;
          ^
mg.c: In function ‘main’:
mg.c:259:9: warning: variable ‘result’ set but not used [-Wunused-but-set-variable]
     int result;
         ^
mg.c:214:28: warning: variable ‘oldu’ set but not used [-Wunused-but-set-variable]
   double rnm2, rnmu, old2, oldu, epsilon;
                            ^
mg.c:214:22: warning: variable ‘old2’ set but not used [-Wunused-but-set-variable]
   double rnm2, rnmu, old2, oldu, epsilon;
                      ^
mg.c: In function ‘zran3’:
mg.c:1500:10: warning: variable ‘rdummy’ set but not used [-Wunused-but-set-variable]
   double rdummy;
          ^
mg.c:1481:23: warning: variable ‘e1’ set but not used [-Wunused-but-set-variable]
   int i1, i2, i3, d1, e1, e2, e3;
                       ^
mg.c:1481:7: warning: variable ‘i1’ set but not used [-Wunused-but-set-variable]
   int i1, i2, i3, d1, e1, e2, e3;
       ^
mg.c:1479:7: warning: variable ‘i0’ set but not used [-Wunused-but-set-variable]
   int i0, mm0, mm1;
       ^
mg.c: In function ‘power’:
mg.c:1917:10: warning: variable ‘rdummy’ set but not used [-Wunused-but-set-variable]
   double rdummy;
          ^
mg.c: In function ‘main’:
mg.c:259:9: warning: variable ‘result’ set but not used [-Wunused-but-set-variable]
     int result;
         ^
mg.c:214:28: warning: variable ‘oldu’ set but not used [-Wunused-but-set-variable]
   double rnm2, rnmu, old2, oldu, epsilon;
                            ^
mg.c:214:22: warning: variable ‘old2’ set but not used [-Wunused-but-set-variable]
   double rnm2, rnmu, old2, oldu, epsilon;
                      ^
mg.c: In function ‘zran3’:
mg.c:1500:10: warning: variable ‘rdummy’ set but not used [-Wunused-but-set-variable]
   double rdummy;
          ^
mg.c:1481:23: warning: variable ‘e1’ set but not used [-Wunused-but-set-variable]
   int i1, i2, i3, d1, e1, e2, e3;
                       ^
mg.c:1481:7: warning: variable ‘i1’ set but not used [-Wunused-but-set-variable]
   int i1, i2, i3, d1, e1, e2, e3;
       ^
mg.c:1479:7: warning: variable ‘i0’ set but not used [-Wunused-but-set-variable]
   int i0, mm0, mm1;
       ^
mg.c: In function ‘power’:
mg.c:1917:10: warning: variable ‘rdummy’ set but not used [-Wunused-but-set-variable]
   double rdummy;
          ^
ft.c: In function ‘compute_initial_conditions’:
ft.c:362:21: warning: variable ‘dummy’ set but not used [-Wunused-but-set-variable]
   double start, an, dummy, starts[NZ];
                     ^
ft.c: In function ‘ipow46’:
ft.c:430:18: warning: variable ‘dummy’ set but not used [-Wunused-but-set-variable]
   double result, dummy, q, r;
                  ^
ft.c: In function ‘fft_init’:
ft.c:555:10: warning: variable ‘nu’ set but not used [-Wunused-but-set-variable]
   int m, nu, ku, i, j, ln;
          ^
ft.c: In function ‘cffts1’:
ft.c:614:37: warning: unused variable ‘temp’ [-Wunused-variable]
   size_t local_ws[2], global_ws[2], temp;
                                     ^
ft.c: In function ‘cffts2’:
ft.c:663:37: warning: unused variable ‘temp’ [-Wunused-variable]
   size_t local_ws[2], global_ws[2], temp;
                                     ^
ft.c: In function ‘cffts3’:
ft.c:712:37: warning: unused variable ‘temp’ [-Wunused-variable]
   size_t local_ws[2], global_ws[2], temp;
                                     ^
ft.c: At top level:
ft.c:128:15: warning: ‘m_ty1’ defined but not used [-Wunused-variable]
 static cl_mem m_ty1;
               ^
ft.c:129:15: warning: ‘m_ty2’ defined but not used [-Wunused-variable]
 static cl_mem m_ty2;
               ^
ft.c: In function ‘compute_initial_conditions’:
ft.c:362:21: warning: variable ‘dummy’ set but not used [-Wunused-but-set-variable]
   double start, an, dummy, starts[NZ];
                     ^
ft.c: In function ‘ipow46’:
ft.c:430:18: warning: variable ‘dummy’ set but not used [-Wunused-but-set-variable]
   double result, dummy, q, r;
                  ^
ft.c: In function ‘fft_init’:
ft.c:555:10: warning: variable ‘nu’ set but not used [-Wunused-but-set-variable]
   int m, nu, ku, i, j, ln;
          ^
ft.c: In function ‘cffts1’:
ft.c:614:37: warning: unused variable ‘temp’ [-Wunused-variable]
   size_t local_ws[2], global_ws[2], temp;
                                     ^
ft.c: In function ‘cffts2’:
ft.c:663:37: warning: unused variable ‘temp’ [-Wunused-variable]
   size_t local_ws[2], global_ws[2], temp;
                                     ^
ft.c: In function ‘cffts3’:
ft.c:712:37: warning: unused variable ‘temp’ [-Wunused-variable]
   size_t local_ws[2], global_ws[2], temp;
                                     ^
ft.c: At top level:
ft.c:128:15: warning: ‘m_ty1’ defined but not used [-Wunused-variable]
 static cl_mem m_ty1;
               ^
ft.c:129:15: warning: ‘m_ty2’ defined but not used [-Wunused-variable]
 static cl_mem m_ty2;
               ^
ft.c: In function ‘compute_initial_conditions’:
ft.c:362:21: warning: variable ‘dummy’ set but not used [-Wunused-but-set-variable]
   double start, an, dummy, starts[NZ];
                     ^
ft.c: In function ‘ipow46’:
ft.c:430:18: warning: variable ‘dummy’ set but not used [-Wunused-but-set-variable]
   double result, dummy, q, r;
                  ^
ft.c: In function ‘fft_init’:
ft.c:555:10: warning: variable ‘nu’ set but not used [-Wunused-but-set-variable]
   int m, nu, ku, i, j, ln;
          ^
ft.c: In function ‘cffts1’:
ft.c:614:37: warning: unused variable ‘temp’ [-Wunused-variable]
   size_t local_ws[2], global_ws[2], temp;
                                     ^
ft.c: In function ‘cffts2’:
ft.c:663:37: warning: unused variable ‘temp’ [-Wunused-variable]
   size_t local_ws[2], global_ws[2], temp;
                                     ^
ft.c: In function ‘cffts3’:
ft.c:712:37: warning: unused variable ‘temp’ [-Wunused-variable]
   size_t local_ws[2], global_ws[2], temp;
                                     ^
ft.c: At top level:
ft.c:128:15: warning: ‘m_ty1’ defined but not used [-Wunused-variable]
 static cl_mem m_ty1;
               ^
ft.c:129:15: warning: ‘m_ty2’ defined but not used [-Wunused-variable]
 static cl_mem m_ty2;
               ^
ft.c: In function ‘compute_initial_conditions’:
ft.c:362:21: warning: variable ‘dummy’ set but not used [-Wunused-but-set-variable]
   double start, an, dummy, starts[NZ];
                     ^
ft.c: In function ‘ipow46’:
ft.c:430:18: warning: variable ‘dummy’ set but not used [-Wunused-but-set-variable]
   double result, dummy, q, r;
                  ^
ft.c: In function ‘fft_init’:
ft.c:555:10: warning: variable ‘nu’ set but not used [-Wunused-but-set-variable]
   int m, nu, ku, i, j, ln;
          ^
ft.c: In function ‘cffts1’:
ft.c:614:37: warning: unused variable ‘temp’ [-Wunused-variable]
   size_t local_ws[2], global_ws[2], temp;
                                     ^
ft.c: In function ‘cffts2’:
ft.c:663:37: warning: unused variable ‘temp’ [-Wunused-variable]
   size_t local_ws[2], global_ws[2], temp;
                                     ^
ft.c: In function ‘cffts3’:
ft.c:712:37: warning: unused variable ‘temp’ [-Wunused-variable]
   size_t local_ws[2], global_ws[2], temp;
                                     ^
ft.c: At top level:
ft.c:128:15: warning: ‘m_ty1’ defined but not used [-Wunused-variable]
 static cl_mem m_ty1;
               ^
ft.c:129:15: warning: ‘m_ty2’ defined but not used [-Wunused-variable]
 static cl_mem m_ty2;
               ^
ft.c: In function ‘compute_initial_conditions’:
ft.c:362:21: warning: variable ‘dummy’ set but not used [-Wunused-but-set-variable]
   double start, an, dummy, starts[NZ];
                     ^
ft.c: In function ‘ipow46’:
ft.c:430:18: warning: variable ‘dummy’ set but not used [-Wunused-but-set-variable]
   double result, dummy, q, r;
                  ^
ft.c: In function ‘fft_init’:
ft.c:555:10: warning: variable ‘nu’ set but not used [-Wunused-but-set-variable]
   int m, nu, ku, i, j, ln;
          ^
ft.c: In function ‘cffts1’:
ft.c:614:37: warning: unused variable ‘temp’ [-Wunused-variable]
   size_t local_ws[2], global_ws[2], temp;
                                     ^
ft.c: In function ‘cffts2’:
ft.c:663:37: warning: unused variable ‘temp’ [-Wunused-variable]
   size_t local_ws[2], global_ws[2], temp;
                                     ^
ft.c: In function ‘cffts3’:
ft.c:712:37: warning: unused variable ‘temp’ [-Wunused-variable]
   size_t local_ws[2], global_ws[2], temp;
                                     ^
ft.c: At top level:
ft.c:128:15: warning: ‘m_ty1’ defined but not used [-Wunused-variable]
 static cl_mem m_ty1;
               ^
ft.c:129:15: warning: ‘m_ty2’ defined but not used [-Wunused-variable]
 static cl_mem m_ty2;
               ^
sp.c: In function ‘main’:
sp.c:178:9: warning: variable ‘result’ set but not used [-Wunused-but-set-variable]
     int result;
         ^
sp.c: In function ‘main’:
sp.c:178:9: warning: variable ‘result’ set but not used [-Wunused-but-set-variable]
     int result;
         ^
sp.c: In function ‘main’:
sp.c:178:9: warning: variable ‘result’ set but not used [-Wunused-but-set-variable]
     int result;
         ^
sp.c: In function ‘main’:
sp.c:178:9: warning: variable ‘result’ set but not used [-Wunused-but-set-variable]
     int result;
         ^
sp.c: In function ‘main’:
sp.c:178:9: warning: variable ‘result’ set but not used [-Wunused-but-set-variable]
     int result;
         ^
bt.c: In function ‘main’:
bt.c:181:9: warning: variable ‘result’ set but not used [-Wunused-but-set-variable]
     int result;
         ^
bt.c: In function ‘main’:
bt.c:181:9: warning: variable ‘result’ set but not used [-Wunused-but-set-variable]
     int result;
         ^
bt.c: In function ‘main’:
bt.c:181:9: warning: variable ‘result’ set but not used [-Wunused-but-set-variable]
     int result;
         ^
bt.c: In function ‘main’:
bt.c:181:9: warning: variable ‘result’ set but not used [-Wunused-but-set-variable]
     int result;
         ^
bt.c: In function ‘main’:
bt.c:181:9: warning: variable ‘result’ set but not used [-Wunused-but-set-variable]
     int result;
         ^
read_input.c: In function ‘read_input’:
read_input.c:42:7: warning: variable ‘result’ set but not used [-Wunused-but-set-variable]
   int result;
       ^
error.c: In function ‘error’:
error.c:51:31: warning: variable ‘temp’ set but not used [-Wunused-but-set-variable]
   size_t local_ws, global_ws, temp, wg_num, buf_size;
                               ^
read_input.c: In function ‘read_input’:
read_input.c:42:7: warning: variable ‘result’ set but not used [-Wunused-but-set-variable]
   int result;
       ^
error.c: In function ‘error’:
error.c:51:31: warning: variable ‘temp’ set but not used [-Wunused-but-set-variable]
   size_t local_ws, global_ws, temp, wg_num, buf_size;
                               ^
read_input.c: In function ‘read_input’:
read_input.c:42:7: warning: variable ‘result’ set but not used [-Wunused-but-set-variable]
   int result;
       ^
error.c: In function ‘error’:
error.c:51:31: warning: variable ‘temp’ set but not used [-Wunused-but-set-variable]
   size_t local_ws, global_ws, temp, wg_num, buf_size;
                               ^
read_input.c: In function ‘read_input’:
read_input.c:42:7: warning: variable ‘result’ set but not used [-Wunused-but-set-variable]
   int result;
       ^
error.c: In function ‘error’:
error.c:51:31: warning: variable ‘temp’ set but not used [-Wunused-but-set-variable]
   size_t local_ws, global_ws, temp, wg_num, buf_size;
                               ^
read_input.c: In function ‘read_input’:
read_input.c:42:7: warning: variable ‘result’ set but not used [-Wunused-but-set-variable]
   int result;
       ^
error.c: In function ‘error’:
error.c:51:31: warning: variable ‘temp’ set but not used [-Wunused-but-set-variable]
   size_t local_ws, global_ws, temp, wg_num, buf_size;
                               ^
cc1plus: warning: command line option ‘-Wimplicit’ is valid for C/ObjC but not for C++ [enabled by default]
In file included from ./../shared//inc/cmd_arg_reader.h:25:0,
                 from src/cmd_arg_reader.cpp:15:
./../shared//inc/exception.h: In constructor ‘Exception<Std_Exception>::Exception()’:
./../shared//inc/exception.h:130:34: warning: delegating constructors only available with -std=c++11 or -std=gnu++11 [enabled by default]
  Exception("Unknown Exception.\n")
                                  ^
cc1plus: warning: command line option ‘-Wimplicit’ is valid for C/ObjC but not for C++ [enabled by default]
cc1plus: warning: command line option ‘-Wimplicit’ is valid for C/ObjC but not for C++ [enabled by default]
In file included from ./../shared//inc/cmd_arg_reader.h:25:0,
                 from src/shrUtils.cpp:18:
./../shared//inc/exception.h: In constructor ‘Exception<Std_Exception>::Exception()’:
./../shared//inc/exception.h:130:34: warning: delegating constructors only available with -std=c++11 or -std=gnu++11 [enabled by default]
  Exception("Unknown Exception.\n")
                                  ^
src/shrUtils.cpp: In function ‘int shrLogV(int, int, const char*, __va_list_tag*)’:
src/shrUtils.cpp:177:12: warning: variable ‘szNumWritten’ set but not used [-Wunused-but-set-variable]
     size_t szNumWritten = 0;
            ^
cc1plus: warning: command line option ‘-Wimplicit’ is valid for C/ObjC but not for C++ [enabled by default]
ar: creating ../..//OpenCL//common//lib/liboclUtil_x86_64.a
cc1plus: warning: command line option ‘-Wimplicit’ is valid for C/ObjC but not for C++ [enabled by default]
cc1plus: warning: command line option ‘-Wimplicit’ is valid for C/ObjC but not for C++ [enabled by default]
cc1plus: warning: command line option ‘-Wimplicit’ is valid for C/ObjC but not for C++ [enabled by default]
cc1plus: warning: command line option ‘-Wimplicit’ is valid for C/ObjC but not for C++ [enabled by default]
cc1plus: warning: command line option ‘-Wimplicit’ is valid for C/ObjC but not for C++ [enabled by default]
oclDotProduct.cpp: In function ‘int main(int, char**)’:
oclDotProduct.cpp:177:23: warning: deprecated conversion from string constant to ‘char*’ [-Wwrite-strings]
         char* flags = "-cl-fast-relaxed-math";
                       ^
oclDotProduct.cpp:177:15: warning: unused variable ‘flags’ [-Wunused-variable]
         char* flags = "-cl-fast-relaxed-math";
               ^
oclDotProduct.cpp:224:13: warning: unused variable ‘bMatch’ [-Wunused-variable]
     shrBOOL bMatch = shrComparefet((const float*)Golden, (const float*)dst, (unsigned int)iNumElements, 0.0f, 0);
             ^
cc1plus: warning: command line option ‘-Wimplicit’ is valid for C/ObjC but not for C++ [enabled by default]
oclMatVecMul.cpp: In function ‘bool getTargetDeviceGlobalMemSize(memsize_t*, int, const char**)’:
oclMatVecMul.cpp:328:23: warning: unused variable ‘platform’ [-Wunused-variable]
     cl_platform_id    platform     = 0;
                       ^
cc1plus: warning: command line option ‘-Wimplicit’ is valid for C/ObjC but not for C++ [enabled by default]
oclHiddenMarkovModel.cpp: In function ‘int main(int, const char**)’:
oclHiddenMarkovModel.cpp:169:12: warning: variable ‘szWorkGroup’ set but not used [-Wunused-but-set-variable]
     size_t szWorkGroup;
            ^
cc1plus: warning: command line option ‘-Wimplicit’ is valid for C/ObjC but not for C++ [enabled by default]
cc1plus: warning: command line option ‘-Wimplicit’ is valid for C/ObjC but not for C++ [enabled by default]
cc1plus: warning: command line option ‘-Wimplicit’ is valid for C/ObjC but not for C++ [enabled by default]
cc1plus: warning: command line option ‘-Wimplicit’ is valid for C/ObjC but not for C++ [enabled by default]
cc1plus: warning: command line option ‘-Wimplicit’ is valid for C/ObjC but not for C++ [enabled by default]
cc1plus: warning: command line option ‘-Wimplicit’ is valid for C/ObjC but not for C++ [enabled by default]
HMM.cpp: In member function ‘size_t HMM::ViterbiSearch(cl_mem, cl_mem, int*)’:
HMM.cpp:152:12: warning: ‘szWorkgroup’ may be used uninitialized in this function [-Wmaybe-uninitialized]
     return szWorkgroup;
            ^
cc1plus: warning: command line option ‘-Wimplicit’ is valid for C/ObjC but not for C++ [enabled by default]
cc1plus: warning: command line option ‘-Wimplicit’ is valid for C/ObjC but not for C++ [enabled by default]
cc1plus: warning: command line option ‘-Wimplicit’ is valid for C/ObjC but not for C++ [enabled by default]
cc1plus: warning: command line option ‘-Wimplicit’ is valid for C/ObjC but not for C++ [enabled by default]
cc1plus: warning: command line option ‘-Wimplicit’ is valid for C/ObjC but not for C++ [enabled by default]
cc1plus: warning: command line option ‘-Wimplicit’ is valid for C/ObjC but not for C++ [enabled by default]
src/FDTD3dGPU.cpp: In function ‘bool fdtdGPU(float*, const float*, const float*, int, int, int, int, int, int, const char**)’:
src/FDTD3dGPU.cpp:143:23: warning: variable ‘hostElapsedTimeS’ set but not used [-Wunused-but-set-variable]
     double            hostElapsedTimeS;
                       ^
cc1plus: warning: command line option ‘-Wimplicit’ is valid for C/ObjC but not for C++ [enabled by default]
oclMatrixMul.cpp: In function ‘int runTest(int, const char**)’:
oclMatrixMul.cpp:263:15: warning: unused variable ‘next_token’ [-Wunused-variable]
         char* next_token;
               ^
cc1plus: warning: command line option ‘-Wimplicit’ is valid for C/ObjC but not for C++ [enabled by default]
cc1plus: warning: command line option ‘-Wimplicit’ is valid for C/ObjC but not for C++ [enabled by default]
cc1plus: warning: command line option ‘-Wimplicit’ is valid for C/ObjC but not for C++ [enabled by default]
In file included from src/oclMersenneTwister_gold.cpp:14:0:
inc/dci.h:42:0: warning: "UINT32_C" redefined [enabled by default]
 #define UINT32_C(a) ((uint32_t)a)
 ^
In file included from /usr/lib/gcc/x86_64-redhat-linux/4.8.5/include/stdint.h:9:0,
                 from ../../..//OpenCL//common//inc/CL/cl_platform.h:156,
                 from ../../..//OpenCL//common//inc/CL/cl.h:33,
                 from /home/abhinav/gpgpu.bechmarks/libcecl.h:26,
                 from ../../..//OpenCL//common//inc/CL/cl.h:1,
                 from ../../..//OpenCL//common//inc/CL/opencl.h:42,
                 from ../../..//OpenCL//common//inc/oclUtils.h:26,
                 from src/oclMersenneTwister_gold.cpp:12:
/usr/include/stdint.h:295:0: note: this is the location of the previous definition
 # define UINT32_C(c) c ## U
 ^
cc1plus: warning: command line option ‘-Wimplicit’ is valid for C/ObjC but not for C++ [enabled by default]
cc1plus: warning: command line option ‘-Wimplicit’ is valid for C/ObjC but not for C++ [enabled by default]
cc1plus: warning: command line option ‘-Wimplicit’ is valid for C/ObjC but not for C++ [enabled by default]
In file included from src/RadixSort.cpp:14:0:
inc/RadixSort.h: In constructor ‘RadixSort::RadixSort(cl_context, cl_command_queue, unsigned int, const char*, int, bool)’:
inc/RadixSort.h:56:19: warning: ‘RadixSort::mTempValues’ will be initialized after [-Wreorder]
     unsigned int *mTempValues;      // Intermediate storage for values
                   ^
inc/RadixSort.h:43:9: warning:   ‘_cl_mem* RadixSort::mCounters’ [-Wreorder]
  cl_mem mCounters;                    // Counter for each radix
         ^
src/RadixSort.cpp:18:1: warning:   when initialized here [-Wreorder]
 RadixSort::RadixSort(cl_context GPUContext,
 ^
In file included from src/RadixSort.cpp:14:0:
inc/RadixSort.h:45:9: warning: ‘RadixSort::mBlockOffsets’ will be initialized after [-Wreorder]
  cl_mem mBlockOffsets;                // Global offsets of each radix in each block
         ^
inc/RadixSort.h:39:13: warning:   ‘_cl_context* RadixSort::cxGPUContext’ [-Wreorder]
  cl_context cxGPUContext;             // OpenCL context
             ^
src/RadixSort.cpp:18:1: warning:   when initialized here [-Wreorder]
 RadixSort::RadixSort(cl_context GPUContext,
 ^
src/RadixSort.cpp:56:19: warning: deprecated conversion from string constant to ‘char*’ [-Wwrite-strings]
     char *flags = "-cl-fast-relaxed-math";
                   ^
src/RadixSort.cpp:37:18: warning: unused variable ‘numBlocks2’ [-Wunused-variable]
     unsigned int numBlocks2 = ((maxElements % (CTA_SIZE * 2)) == 0) ?
                  ^
src/RadixSort.cpp: At global scope:
src/RadixSort.cpp:18:1: warning: unused parameter ‘keysOnly’ [-Wunused-parameter]
 RadixSort::RadixSort(cl_context GPUContext,
 ^
src/RadixSort.cpp: In member function ‘void RadixSort::radixSortBlocksKeysOnlyOCL(cl_mem, unsigned int, unsigned int, unsigned int)’:
src/RadixSort.cpp:152:37: warning: narrowing conversion of ‘((RadixSort*)this)->RadixSort::CTA_SIZE’ from ‘int’ to ‘size_t {aka long unsigned int}’ inside { } is ill-formed in C++11 [-Wnarrowing]
  size_t localWorkSize[1] = {CTA_SIZE};
                                     ^
src/RadixSort.cpp: In member function ‘void RadixSort::findRadixOffsetsOCL(unsigned int, unsigned int)’:
src/RadixSort.cpp:169:37: warning: narrowing conversion of ‘((RadixSort*)this)->RadixSort::CTA_SIZE’ from ‘int’ to ‘size_t {aka long unsigned int}’ inside { } is ill-formed in C++11 [-Wnarrowing]
  size_t localWorkSize[1] = {CTA_SIZE};
                                     ^
src/RadixSort.cpp: In member function ‘void RadixSort::reorderDataKeysOnlyOCL(cl_mem, unsigned int, unsigned int)’:
src/RadixSort.cpp:203:37: warning: narrowing conversion of ‘((RadixSort*)this)->RadixSort::CTA_SIZE’ from ‘int’ to ‘size_t {aka long unsigned int}’ inside { } is ill-formed in C++11 [-Wnarrowing]
  size_t localWorkSize[1] = {CTA_SIZE};
                                     ^
cc1plus: warning: command line option ‘-Wimplicit’ is valid for C/ObjC but not for C++ [enabled by default]
cc1plus: warning: command line option ‘-Wimplicit’ is valid for C/ObjC but not for C++ [enabled by default]
src/main.cpp: In function ‘int main(int, const char**)’:
src/main.cpp:93:20: warning: unused variable ‘timerValue’ [-Wunused-variable]
             double timerValue = shrDeltaT(0)/(double)iCycles;
                    ^
src/main.cpp:152:20: warning: unused variable ‘timerValue’ [-Wunused-variable]
             double timerValue = shrDeltaT(0)/(double)iCycles;
                    ^
src/main.cpp:74:12: warning: variable ‘szWorkgroup’ set but not used [-Wunused-but-set-variable]
     size_t szWorkgroup;
            ^
cc1plus: warning: command line option ‘-Wimplicit’ is valid for C/ObjC but not for C++ [enabled by default]
cc1plus: warning: command line option ‘-Wimplicit’ is valid for C/ObjC but not for C++ [enabled by default]
oclVectorAdd.cpp: In function ‘int main(int, char**)’:
oclVectorAdd.cpp:164:23: warning: deprecated conversion from string constant to ‘char*’ [-Wwrite-strings]
         char* flags = "-cl-fast-relaxed-math";
                       ^
oclVectorAdd.cpp:164:15: warning: unused variable ‘flags’ [-Wunused-variable]
         char* flags = "-cl-fast-relaxed-math";
               ^
cc1plus: warning: command line option ‘-Wimplicit’ is valid for C/ObjC but not for C++ [enabled by default]
src/Scan.cpp: In constructor ‘Scan::Scan(cl_context, cl_command_queue, unsigned int, const char*)’:
src/Scan.cpp:34:21: warning: deprecated conversion from string constant to ‘char*’ [-Wwrite-strings]
  char *SourceFile = "Scan_b.cl";
                     ^
cc1plus: warning: command line option ‘-Wimplicit’ is valid for C/ObjC but not for C++ [enabled by default]
oclReduction.cpp: In function ‘int main(int, const char**)’:
oclReduction.cpp:135:20: warning: comparison between signed and unsigned integer expressions [-Wsign-compare]
    if( device_nr < uiNumDevices ) {
                    ^
oclReduction.cpp: In instantiation of ‘bool runTest(int, const char**, ReduceType) [with T = int]’:
oclReduction.cpp:158:54:   required from here
oclReduction.cpp:492:10: warning: unused variable ‘runShmoo’ [-Wunused-variable]
     bool runShmoo = (shrCheckCmdLineFlag(argc, (const char**) argv, "shmoo") == shrTRUE);
          ^
oclReduction.cpp: In instantiation of ‘bool runTest(int, const char**, ReduceType) [with T = float]’:
oclReduction.cpp:161:56:   required from here
oclReduction.cpp:492:10: warning: unused variable ‘runShmoo’ [-Wunused-variable]
/tmp/benchmarks_gpgpu_parboil-0.2ur1fb8i0/common/src/parboil_opencl.c: In function ‘insert_marker’:
/tmp/benchmarks_gpgpu_parboil-0.2ur1fb8i0/common/src/parboil_opencl.c:296:3: warning: ‘clEnqueueMarker’ is deprecated (declared at /usr/include/CL/cl.h:1408) [-Wdeprecated-declarations]
   ciErrNum = clEnqueueMarker(*clCommandQueuePtr, (cl_event *)(*new_event)->marker);
   ^
/tmp/benchmarks_gpgpu_parboil-0.2ur1fb8i0/common/src/parboil_opencl.c: In function ‘insert_submarker’:
/tmp/benchmarks_gpgpu_parboil-0.2ur1fb8i0/common/src/parboil_opencl.c:335:3: warning: ‘clEnqueueMarker’ is deprecated (declared at /usr/include/CL/cl.h:1408) [-Wdeprecated-declarations]
   ciErrNum = clEnqueueMarker(*clCommandQueuePtr, (cl_event *)(*new_event)->marker);
   ^
/tmp/benchmarks_gpgpu_parboil-0.2ur1fb8i0/common/src/parboil_opencl.c: In function ‘insert_marker’:
/tmp/benchmarks_gpgpu_parboil-0.2ur1fb8i0/common/src/parboil_opencl.c:296:3: warning: ‘clEnqueueMarker’ is deprecated (declared at /usr/include/CL/cl.h:1408) [-Wdeprecated-declarations]
   ciErrNum = clEnqueueMarker(*clCommandQueuePtr, (cl_event *)(*new_event)->marker);
   ^
/tmp/benchmarks_gpgpu_parboil-0.2ur1fb8i0/common/src/parboil_opencl.c: In function ‘insert_submarker’:
/tmp/benchmarks_gpgpu_parboil-0.2ur1fb8i0/common/src/parboil_opencl.c:335:3: warning: ‘clEnqueueMarker’ is deprecated (declared at /usr/include/CL/cl.h:1408) [-Wdeprecated-declarations]
   ciErrNum = clEnqueueMarker(*clCommandQueuePtr, (cl_event *)(*new_event)->marker);
   ^
In file included from src/opencl_base/util.cpp:15:0:
src/opencl_base/util.h:12:0: warning: "UINT8_MAX" redefined [enabled by default]
 #define UINT8_MAX 255
 ^
In file included from /usr/lib/gcc/x86_64-redhat-linux/4.8.5/include/stdint.h:9:0,
                 from src/opencl_base/util.cpp:9:
/usr/include/stdint.h:166:0: note: this is the location of the previous definition
 # define UINT8_MAX  (255)
 ^
In file included from src/opencl_base/util.cpp:15:0:
src/opencl_base/util.h:13:0: warning: "UINT32_MAX" redefined [enabled by default]
 #define UINT32_MAX 4294967295
 ^
In file included from /usr/lib/gcc/x86_64-redhat-linux/4.8.5/include/stdint.h:9:0,
                 from src/opencl_base/util.cpp:9:
/usr/include/stdint.h:168:0: note: this is the location of the previous definition
 # define UINT32_MAX  (4294967295U)
 ^
In file included from src/opencl_base/main.cpp:16:0:
src/opencl_base/util.h:12:0: warning: "UINT8_MAX" redefined [enabled by default]
 #define UINT8_MAX 255
 ^
In file included from /usr/lib/gcc/x86_64-redhat-linux/4.8.5/include/stdint.h:9:0,
                 from /usr/include/CL/cl_platform.h:266,
                 from /usr/include/CL/cl.h:35,
                 from /home/abhinav/gpgpu.bechmarks/libcecl.h:26,
                 from src/opencl_base/main.cpp:1:
/usr/include/stdint.h:166:0: note: this is the location of the previous definition
 # define UINT8_MAX  (255)
 ^
In file included from src/opencl_base/main.cpp:16:0:
src/opencl_base/util.h:13:0: warning: "UINT32_MAX" redefined [enabled by default]
 #define UINT32_MAX 4294967295
 ^
In file included from /usr/lib/gcc/x86_64-redhat-linux/4.8.5/include/stdint.h:9:0,
                 from /usr/include/CL/cl_platform.h:266,
                 from /usr/include/CL/cl.h:35,
                 from /home/abhinav/gpgpu.bechmarks/libcecl.h:26,
                 from src/opencl_base/main.cpp:1:
/usr/include/stdint.h:168:0: note: this is the location of the previous definition
 # define UINT32_MAX  (4294967295U)
 ^
/tmp/benchmarks_gpgpu_parboil-0.2ur1fb8i0/common/src/parboil_opencl.c: In function ‘insert_marker’:
/tmp/benchmarks_gpgpu_parboil-0.2ur1fb8i0/common/src/parboil_opencl.c:296:3: warning: ‘clEnqueueMarker’ is deprecated (declared at /usr/include/CL/cl.h:1408) [-Wdeprecated-declarations]
   ciErrNum = clEnqueueMarker(*clCommandQueuePtr, (cl_event *)(*new_event)->marker);
   ^
/tmp/benchmarks_gpgpu_parboil-0.2ur1fb8i0/common/src/parboil_opencl.c: In function ‘insert_submarker’:
/tmp/benchmarks_gpgpu_parboil-0.2ur1fb8i0/common/src/parboil_opencl.c:335:3: warning: ‘clEnqueueMarker’ is deprecated (declared at /usr/include/CL/cl.h:1408) [-Wdeprecated-declarations]
   ciErrNum = clEnqueueMarker(*clCommandQueuePtr, (cl_event *)(*new_event)->marker);
   ^
/tmp/benchmarks_gpgpu_parboil-0.2ur1fb8i0/common/src/parboil_opencl.c: In function ‘insert_marker’:
/tmp/benchmarks_gpgpu_parboil-0.2ur1fb8i0/common/src/parboil_opencl.c:296:3: warning: ‘clEnqueueMarker’ is deprecated (declared at /usr/include/CL/cl.h:1408) [-Wdeprecated-declarations]
   ciErrNum = clEnqueueMarker(*clCommandQueuePtr, (cl_event *)(*new_event)->marker);
   ^
/tmp/benchmarks_gpgpu_parboil-0.2ur1fb8i0/common/src/parboil_opencl.c: In function ‘insert_submarker’:
/tmp/benchmarks_gpgpu_parboil-0.2ur1fb8i0/common/src/parboil_opencl.c:335:3: warning: ‘clEnqueueMarker’ is deprecated (declared at /usr/include/CL/cl.h:1408) [-Wdeprecated-declarations]
   ciErrNum = clEnqueueMarker(*clCommandQueuePtr, (cl_event *)(*new_event)->marker);
   ^
src/opencl_base/sort.cpp:15:0: warning: "UINT32_MAX" redefined [enabled by default]
 #define UINT32_MAX 4294967295
 ^
In file included from /usr/lib/gcc/x86_64-redhat-linux/4.8.5/include/stdint.h:9:0,
                 from /usr/include/CL/cl_platform.h:266,
                 from /usr/include/CL/cl.h:35,
                 from /home/abhinav/gpgpu.bechmarks/libcecl.h:26,
                 from src/opencl_base/sort.cpp:1:
/usr/include/stdint.h:168:0: note: this is the location of the previous definition
 # define UINT32_MAX  (4294967295U)
 ^
/tmp/benchmarks_gpgpu_parboil-0.2ur1fb8i0/common/src/parboil_opencl.c: In function ‘insert_marker’:
/tmp/benchmarks_gpgpu_parboil-0.2ur1fb8i0/common/src/parboil_opencl.c:296:3: warning: ‘clEnqueueMarker’ is deprecated (declared at /usr/include/CL/cl.h:1408) [-Wdeprecated-declarations]
   ciErrNum = clEnqueueMarker(*clCommandQueuePtr, (cl_event *)(*new_event)->marker);
   ^
/tmp/benchmarks_gpgpu_parboil-0.2ur1fb8i0/common/src/parboil_opencl.c: In function ‘insert_submarker’:
/tmp/benchmarks_gpgpu_parboil-0.2ur1fb8i0/common/src/parboil_opencl.c:335:3: warning: ‘clEnqueueMarker’ is deprecated (declared at /usr/include/CL/cl.h:1408) [-Wdeprecated-declarations]
   ciErrNum = clEnqueueMarker(*clCommandQueuePtr, (cl_event *)(*new_event)->marker);
   ^
/tmp/benchmarks_gpgpu_parboil-0.2ur1fb8i0/common/src/parboil_opencl.c: In function ‘insert_marker’:
/tmp/benchmarks_gpgpu_parboil-0.2ur1fb8i0/common/src/parboil_opencl.c:296:3: warning: ‘clEnqueueMarker’ is deprecated (declared at /usr/include/CL/cl.h:1408) [-Wdeprecated-declarations]
   ciErrNum = clEnqueueMarker(*clCommandQueuePtr, (cl_event *)(*new_event)->marker);
   ^
/tmp/benchmarks_gpgpu_parboil-0.2ur1fb8i0/common/src/parboil_opencl.c: In function ‘insert_submarker’:
/tmp/benchmarks_gpgpu_parboil-0.2ur1fb8i0/common/src/parboil_opencl.c:335:3: warning: ‘clEnqueueMarker’ is deprecated (declared at /usr/include/CL/cl.h:1408) [-Wdeprecated-declarations]
   ciErrNum = clEnqueueMarker(*clCommandQueuePtr, (cl_event *)(*new_event)->marker);
   ^
src/opencl_base/main.cpp: In function ‘int main(int, char**)’:
src/opencl_base/main.cpp:393:11: warning: ‘_cl_mem* clCreateImage2D(cl_context, cl_mem_flags, const cl_image_format*, size_t, size_t, size_t, void*, cl_int*)’ is deprecated (declared at /usr/include/CL/cl.h:1386) [-Wdeprecated-declarations]
  imgRef = clCreateImage2D(clContext, CL_MEM_READ_ONLY | CL_MEM_COPY_HOST_PTR, &img_format, 
           ^
src/opencl_base/main.cpp:397:65: warning: ‘_cl_mem* clCreateImage2D(cl_context, cl_mem_flags, const cl_image_format*, size_t, size_t, size_t, void*, cl_int*)’ is deprecated (declared at /usr/include/CL/cl.h:1386) [-Wdeprecated-declarations]
                                       ref_image->data, &ciErrNum);
                                                                 ^
/tmp/benchmarks_gpgpu_parboil-0.2ur1fb8i0/common/src/parboil_opencl.c: In function ‘insert_marker’:
/tmp/benchmarks_gpgpu_parboil-0.2ur1fb8i0/common/src/parboil_opencl.c:296:3: warning: ‘clEnqueueMarker’ is deprecated (declared at /usr/include/CL/cl.h:1408) [-Wdeprecated-declarations]
   ciErrNum = clEnqueueMarker(*clCommandQueuePtr, (cl_event *)(*new_event)->marker);
   ^
/tmp/benchmarks_gpgpu_parboil-0.2ur1fb8i0/common/src/parboil_opencl.c: In function ‘insert_submarker’:
/tmp/benchmarks_gpgpu_parboil-0.2ur1fb8i0/common/src/parboil_opencl.c:335:3: warning: ‘clEnqueueMarker’ is deprecated (declared at /usr/include/CL/cl.h:1408) [-Wdeprecated-declarations]
   ciErrNum = clEnqueueMarker(*clCommandQueuePtr, (cl_event *)(*new_event)->marker);
   ^
/tmp/benchmarks_gpgpu_parboil-0.2ur1fb8i0/common/src/parboil_opencl.c: In function ‘insert_marker’:
/tmp/benchmarks_gpgpu_parboil-0.2ur1fb8i0/common/src/parboil_opencl.c:296:3: warning: ‘clEnqueueMarker’ is deprecated (declared at /usr/include/CL/cl.h:1408) [-Wdeprecated-declarations]
   ciErrNum = clEnqueueMarker(*clCommandQueuePtr, (cl_event *)(*new_event)->marker);
   ^
/tmp/benchmarks_gpgpu_parboil-0.2ur1fb8i0/common/src/parboil_opencl.c: In function ‘insert_submarker’:
/tmp/benchmarks_gpgpu_parboil-0.2ur1fb8i0/common/src/parboil_opencl.c:335:3: warning: ‘clEnqueueMarker’ is deprecated (declared at /usr/include/CL/cl.h:1408) [-Wdeprecated-declarations]
   ciErrNum = clEnqueueMarker(*clCommandQueuePtr, (cl_event *)(*new_event)->marker);
   ^
/tmp/benchmarks_gpgpu_parboil-0.2ur1fb8i0/common/src/parboil_opencl.c: In function ‘insert_marker’:
/tmp/benchmarks_gpgpu_parboil-0.2ur1fb8i0/common/src/parboil_opencl.c:296:3: warning: ‘clEnqueueMarker’ is deprecated (declared at /usr/include/CL/cl.h:1408) [-Wdeprecated-declarations]
   ciErrNum = clEnqueueMarker(*clCommandQueuePtr, (cl_event *)(*new_event)->marker);
   ^
/tmp/benchmarks_gpgpu_parboil-0.2ur1fb8i0/common/src/parboil_opencl.c: In function ‘insert_submarker’:
/tmp/benchmarks_gpgpu_parboil-0.2ur1fb8i0/common/src/parboil_opencl.c:335:3: warning: ‘clEnqueueMarker’ is deprecated (declared at /usr/include/CL/cl.h:1408) [-Wdeprecated-declarations]
   ciErrNum = clEnqueueMarker(*clCommandQueuePtr, (cl_event *)(*new_event)->marker);
   ^
/tmp/benchmarks_gpgpu_parboil-0.2ur1fb8i0/common/src/parboil_opencl.c: In function ‘insert_marker’:
/tmp/benchmarks_gpgpu_parboil-0.2ur1fb8i0/common/src/parboil_opencl.c:296:3: warning: ‘clEnqueueMarker’ is deprecated (declared at /usr/include/CL/cl.h:1408) [-Wdeprecated-declarations]
   ciErrNum = clEnqueueMarker(*clCommandQueuePtr, (cl_event *)(*new_event)->marker);
   ^
/tmp/benchmarks_gpgpu_parboil-0.2ur1fb8i0/common/src/parboil_opencl.c: In function ‘insert_submarker’:
/tmp/benchmarks_gpgpu_parboil-0.2ur1fb8i0/common/src/parboil_opencl.c:335:3: warning: ‘clEnqueueMarker’ is deprecated (declared at /usr/include/CL/cl.h:1408) [-Wdeprecated-declarations]
   ciErrNum = clEnqueueMarker(*clCommandQueuePtr, (cl_event *)(*new_event)->marker);
   ^
2mm.c: In function ‘cl_launch_kernel’:
2mm.c:250:2: warning: ‘clEnqueueBarrier’ is deprecated (declared at /usr/include/CL/cl.h:1417) [-Wdeprecated-declarations]
  clEnqueueBarrier(clCommandQue);
  ^
3mm.c: In function ‘cl_launch_kernel’:
3mm.c:256:2: warning: ‘clEnqueueBarrier’ is deprecated (declared at /usr/include/CL/cl.h:1417) [-Wdeprecated-declarations]
  clEnqueueBarrier(clCommandQue);
  ^
3mm.c:271:2: warning: ‘clEnqueueBarrier’ is deprecated (declared at /usr/include/CL/cl.h:1417) [-Wdeprecated-declarations]
  clEnqueueBarrier(clCommandQue);
  ^
atax.c: In function ‘cl_launch_kernel’:
atax.c:220:2: warning: ‘clEnqueueBarrier’ is deprecated (declared at /usr/include/CL/cl.h:1417) [-Wdeprecated-declarations]
  clEnqueueBarrier(clCommandQue);
  ^
correlation.c: In function ‘cl_launch_kernel’:
correlation.c:267:2: warning: ‘clEnqueueBarrier’ is deprecated (declared at /usr/include/CL/cl.h:1417) [-Wdeprecated-declarations]
  clEnqueueBarrier(clCommandQue);
  ^
correlation.c:282:2: warning: ‘clEnqueueBarrier’ is deprecated (declared at /usr/include/CL/cl.h:1417) [-Wdeprecated-declarations]
  clEnqueueBarrier(clCommandQue);
  ^
correlation.c:296:2: warning: ‘clEnqueueBarrier’ is deprecated (declared at /usr/include/CL/cl.h:1417) [-Wdeprecated-declarations]
  clEnqueueBarrier(clCommandQue);
  ^
correlation.c:308:2: warning: ‘clEnqueueBarrier’ is deprecated (declared at /usr/include/CL/cl.h:1417) [-Wdeprecated-declarations]
  clEnqueueBarrier(clCommandQue);
  ^
covariance.c: In function ‘cl_launch_kernel’:
covariance.c:244:2: warning: ‘clEnqueueBarrier’ is deprecated (declared at /usr/include/CL/cl.h:1417) [-Wdeprecated-declarations]
  clEnqueueBarrier(clCommandQue);
  ^
covariance.c:258:2: warning: ‘clEnqueueBarrier’ is deprecated (declared at /usr/include/CL/cl.h:1417) [-Wdeprecated-declarations]
  clEnqueueBarrier(clCommandQue);
  ^
gramschmidt.c: In function ‘cl_launch_kernel’:
gramschmidt.c:229:3: warning: ‘clEnqueueBarrier’ is deprecated (declared at /usr/include/CL/cl.h:1417) [-Wdeprecated-declarations]
   clEnqueueBarrier(clCommandQue);
   ^
gramschmidt.c:244:3: warning: ‘clEnqueueBarrier’ is deprecated (declared at /usr/include/CL/cl.h:1417) [-Wdeprecated-declarations]
   clEnqueueBarrier(clCommandQue);
   ^
gramschmidt.c:259:3: warning: ‘clEnqueueBarrier’ is deprecated (declared at /usr/include/CL/cl.h:1417) [-Wdeprecated-declarations]
   clEnqueueBarrier(clCommandQue);
   ^
make[1]: warning: jobserver unavailable: using -j1.  Add `+' to parent make rule.
make[1]: warning: jobserver unavailable: using -j1.  Add `+' to parent make rule.
make[1]: warning: jobserver unavailable: using -j1.  Add `+' to parent make rule.
make[1]: warning: jobserver unavailable: using -j1.  Add `+' to parent make rule.
make[1]: warning: jobserver unavailable: using -j1.  Add `+' to parent make rule.
rm: cannot remove ‘*.o’: No such file or directory
rm: cannot remove ‘heartwall’: No such file or directory
rm: cannot remove ‘./kernel/*.o’: No such file or directory
rm: cannot remove ‘./util/avi/*.o’: No such file or directory
rm: cannot remove ‘./util/file/*.o’: No such file or directory
rm: cannot remove ‘./util/timer/*.o’: No such file or directory
rm: cannot remove ‘./util/opencl/*.o’: No such file or directory
make[1]: *** [clean] Error 1
make[1]: warning: jobserver unavailable: using -j1.  Add `+' to parent make rule.
make[1]: warning: jobserver unavailable: using -j1.  Add `+' to parent make rule.
make[1]: warning: jobserver unavailable: using -j1.  Add `+' to parent make rule.
rm: cannot remove ‘*.o’: No such file or directory
rm: cannot remove ‘lavaMD’: No such file or directory
rm: cannot remove ‘./kernel/*.o’: No such file or directory
rm: cannot remove ‘./util/num/*.o’: No such file or directory
rm: cannot remove ‘./util/timer/*.o’: No such file or directory
rm: cannot remove ‘./util/opencl/*.o’: No such file or directory
make[1]: *** [clean] Error 1
make[1]: warning: jobserver unavailable: using -j1.  Add `+' to parent make rule.
make[1]: warning: jobserver unavailable: using -j1.  Add `+' to parent make rule.
make[1]: warning: jobserver unavailable: using -j1.  Add `+' to parent make rule.
make[1]: warning: jobserver unavailable: using -j1.  Add `+' to parent make rule.
make[1]: warning: jobserver unavailable: using -j1.  Add `+' to parent make rule.
rm: cannot remove ‘./*.o’: No such file or directory
rm: cannot remove ‘srad’: No such file or directory
rm: cannot remove ‘./kernel/*.o’: No such file or directory
rm: cannot remove ‘./util/opencl/*.o’: No such file or directory
rm: cannot remove ‘./util/graphics/*.o’: No such file or directory
rm: cannot remove ‘./util/timer/*.o’: No such file or directory
make[1]: *** [clean] Error 1
make[1]: warning: jobserver unavailable: using -j1.  Add `+' to parent make rule.
make[1]: warning: jobserver unavailable: using -j1.  Add `+' to parent make rule.
make[1]: warning: jobserver unavailable: using -j1.  Add `+' to parent make rule.
make[1]: warning: jobserver unavailable: using -j1.  Add `+' to parent make rule.
make[1]: warning: jobserver unavailable: using -j1.  Add `+' to parent make rule.
make[1]: warning: jobserver unavailable: using -j1.  Add `+' to parent make rule.
make[1]: warning: jobserver unavailable: using -j1.  Add `+' to parent make rule.
make[1]: warning: jobserver unavailable: using -j1.  Add `+' to parent make rule.
make[1]: warning: jobserver unavailable: using -j1.  Add `+' to parent make rule.
make[1]: warning: jobserver unavailable: using -j1.  Add `+' to parent make rule.
make[1]: warning: jobserver unavailable: using -j1.  Add `+' to parent make rule.
./main.c: In function ‘main’:
./main.c:1950:8: warning: passing argument 2 of ‘fputs’ from incompatible pointer type [enabled by default]
        fputs ("Fail to open %s !\n",output);
        ^
In file included from ./main.c:60:0:
/usr/include/stdio.h:689:12: note: expected ‘struct FILE * __restrict__’ but argument is of type ‘char *’
 extern int fputs (const char *__restrict __s, FILE *__restrict __stream);
            ^
./main.c:2139:48: warning: comparison between pointer and integer [enabled by default]
     while(*commandPointer!=32 && commandPointer!='\n')
                                                ^
./main.c:2207:9: warning: passing argument 2 of ‘fputs’ from incompatible pointer type [enabled by default]
         fputs ("Fail to open %s !\n",output);
         ^
In file included from ./main.c:60:0:
/usr/include/stdio.h:689:12: note: expected ‘struct FILE * __restrict__’ but argument is of type ‘char *’
 extern int fputs (const char *__restrict __s, FILE *__restrict __stream);
            ^
./main.c:2262:48: warning: comparison between pointer and integer [enabled by default]
     while(*commandPointer!=32 && commandPointer!='\n')
                                                ^
./main.c:2267:48: warning: comparison between pointer and integer [enabled by default]
     while(*commandPointer!=32 && commandPointer!='\n')
                                                ^
./main.c:2356:9: warning: passing argument 2 of ‘fputs’ from incompatible pointer type [enabled by default]
         fputs ("Fail to open %s !\n",output);
         ^
In file included from ./main.c:60:0:
/usr/include/stdio.h:689:12: note: expected ‘struct FILE * __restrict__’ but argument is of type ‘char *’
 extern int fputs (const char *__restrict __s, FILE *__restrict __stream);
            ^
euler3d.cpp:43:2: warning: #warning "the kernels may fail too launch on some systems if the block length is too large" [-Wcpp]
 #warning "the kernels may fail too launch on some systems if the block length is too large"
  ^
clutils.cpp: In function ‘_cl_mem* cl_allocImage(size_t, size_t, char, cl_mem_flags)’:
clutils.cpp:590:11: warning: ‘_cl_mem* clCreateImage2D(cl_context, cl_mem_flags, const cl_image_format*, size_t, size_t, size_t, void*, cl_int*)’ is deprecated (declared at /usr/include/CL/cl.h:1386) [-Wdeprecated-declarations]
     mem = clCreateImage2D(context, flags, &format, width, height, 0, NULL, &status);
           ^
clutils.cpp:590:83: warning: ‘_cl_mem* clCreateImage2D(cl_context, cl_mem_flags, const cl_image_format*, size_t, size_t, size_t, void*, cl_int*)’ is deprecated (declared at /usr/include/CL/cl.h:1386) [-Wdeprecated-declarations]
     mem = clCreateImage2D(context, flags, &format, width, height, 0, NULL, &status);
                                                                                   ^
make[1]: warning: jobserver unavailable: using -j1.  Add `+' to parent make rule.
make[1]: warning: jobserver unavailable: using -j1.  Add `+' to parent make rule.
make[1]: warning: jobserver unavailable: using -j1.  Add `+' to parent make rule.
mergesort.c: In function ‘init_mergesort’:
mergesort.c:98:5: warning: passing argument 4 of ‘CECL_PROGRAM_WITH_SOURCE’ makes pointer from integer without a cast [enabled by default]
     mergeProgram = CECL_PROGRAM_WITH_SOURCE(mergeContext, 1, (const char **) &source_str, (const size_t)&source_size, &err);
     ^
In file included from mergesort.c:1:0:
/home/abhinav/gpgpu.bechmarks/libcecl.h:51:12: note: expected ‘const size_t *’ but argument is of type ‘long unsigned int’
 cl_program CECL_PROGRAM_WITH_SOURCE(cl_context context, cl_uint count,
            ^
make[1]: warning: jobserver unavailable: using -j1.  Add `+' to parent make rule.
make[1]: warning: jobserver unavailable: using -j1.  Add `+' to parent make rule.
make[1]: warning: jobserver unavailable: using -j1.  Add `+' to parent make rule.
read_input.c: In function ‘void usage(char*)’:
read_input.c:98:3: warning: deprecated conversion from string constant to ‘char*’ [-Wwrite-strings]
   "    -o               :output cluster center coordinates     [default=off]\n";
   ^
lud.cpp: In function ‘int main(int, char**)’:
lud.cpp:192:29: warning: deprecated conversion from string constant to ‘char*’ [-Wwrite-strings]
  char * kernel_lud_diag   = "lud_diagonal";
                             ^
lud.cpp:193:29: warning: deprecated conversion from string constant to ‘char*’ [-Wwrite-strings]
  char * kernel_lud_peri   = "lud_perimeter";
                             ^
lud.cpp:194:29: warning: deprecated conversion from string constant to ‘char*’ [-Wwrite-strings]
  char * kernel_lud_inter  = "lud_internal";
                             ^
lud.cpp:196:49: warning: format ‘%s’ expects a matching ‘char*’ argument [-Wformat=]
  if(!fp) { printf("ERROR: unable to open '%s'\n"); return -1; }
                                                 ^
lud.cpp:268:45: warning: narrowing conversion of ‘((((matrix_dim - i) / 16) + -1) * 32)’ from ‘int’ to ‘size_t {aka long unsigned int}’ inside { } is ill-formed in C++11 [-Wnarrowing]
    size_t global_work2[3] = {BLOCK_SIZE * 2 * ((matrix_dim-i)/BLOCK_SIZE-1), 1, 1};
                                             ^
lud.cpp:280:41: warning: narrowing conversion of ‘((((matrix_dim - i) / 16) + -1) * 16)’ from ‘int’ to ‘size_t {aka long unsigned int}’ inside { } is ill-formed in C++11 [-Wnarrowing]
    size_t global_work3[3] = {BLOCK_SIZE * ((matrix_dim-i)/BLOCK_SIZE-1), BLOCK_SIZE * ((matrix_dim-i)/BLOCK_SIZE-1), 1};
                                         ^
lud.cpp:280:85: warning: narrowing conversion of ‘((((matrix_dim - i) / 16) + -1) * 16)’ from ‘int’ to ‘size_t {aka long unsigned int}’ inside { } is ill-formed in C++11 [-Wnarrowing]
    size_t global_work3[3] = {BLOCK_SIZE * ((matrix_dim-i)/BLOCK_SIZE-1), BLOCK_SIZE * ((matrix_dim-i)/BLOCK_SIZE-1), 1};
                                                                                     ^
make[1]: warning: jobserver unavailable: using -j1.  Add `+' to parent make rule.
backprop_ocl.cpp: In function ‘int bpnn_train_kernel(BPNN*, float*, float*)’:
backprop_ocl.cpp:108:23: warning: deprecated conversion from string constant to ‘char*’ [-Wwrite-strings]
  char * kernel_bp1  = "bpnn_layerforward_ocl";
                       ^
backprop_ocl.cpp:109:23: warning: deprecated conversion from string constant to ‘char*’ [-Wwrite-strings]
  char * kernel_bp2  = "bpnn_adjust_weights_ocl";
                       ^
backprop_ocl.cpp:110:20: warning: deprecated conversion from string constant to ‘char*’ [-Wwrite-strings]
  char * tempchar = "./backprop_kernel.cl";
                    ^
../common/common.c: In function ‘func_ret_t lud_verify(float*, float*, int)’:
../common/common.c:187:1: warning: no return statement in function returning non-void [-Wreturn-type]
 }
 ^
../common/common.c: In function ‘func_ret_t create_matrix_from_random(float**, int)’:
../common/common.c:123:10: warning: ‘m’ may be used uninitialized in this function [-Wmaybe-uninitialized]
   *mp = m;
          ^
make[1]: warning: jobserver unavailable: using -j1.  Add `+' to parent make rule.
make[1]: warning: jobserver unavailable: using -j1.  Add `+' to parent make rule.
kmeans.cpp: In function ‘int allocate(int, int, int, float**)’:
kmeans.cpp:132:20: warning: deprecated conversion from string constant to ‘char*’ [-Wwrite-strings]
  char * tempchar = "./kmeans.cl";
                    ^
kmeans.cpp:157:28: warning: deprecated conversion from string constant to ‘char*’ [-Wwrite-strings]
  char * kernel_kmeans_c  = "kmeans_kernel_c";
                            ^
kmeans.cpp:158:24: warning: deprecated conversion from string constant to ‘char*’ [-Wwrite-strings]
  char * kernel_swap  = "kmeans_swap"; 
                        ^
ex_particle_OCL_naive_seq.cpp: In function ‘int allocate(int, int)’:
ex_particle_OCL_naive_seq.cpp:447:20: warning: deprecated conversion from string constant to ‘char*’ [-Wwrite-strings]
  char * tempchar = "./particle_naive.cl";
                    ^
ex_particle_OCL_naive_seq.cpp:491:27: warning: deprecated conversion from string constant to ‘char*’ [-Wwrite-strings]
  char * particle_kernel = "particle_kernel";
                           ^
ex_particle_OCL_naive_seq.cpp: In function ‘int main(int, char**)’:
ex_particle_OCL_naive_seq.cpp:776:19: warning: deprecated conversion from string constant to ‘char*’ [-Wwrite-strings]
     char* usage = "naive.out -x <dimX> -y <dimY> -z <Nfr> -np <Nparticles>";
                   ^
nw.c: In function ‘int main(int, char**)’:
nw.c:209:23: warning: deprecated conversion from string constant to ‘char*’ [-Wwrite-strings]
  char * kernel_nw1  = "nw_kernel1";
                       ^
nw.c:210:23: warning: deprecated conversion from string constant to ‘char*’ [-Wwrite-strings]
  char * kernel_nw2  = "nw_kernel2";
                       ^
nw.c:224:67: warning: narrowing conversion of ‘(workgroupsize <unknown operator> 1)’ from ‘int’ to ‘size_t {aka long unsigned int}’ inside { } is ill-formed in C++11 [-Wnarrowing]
  size_t local_work[3] = { (workgroupsize>0)?workgroupsize:1, 1, 1 };
                                                                   ^
nw.c:225:45: warning: narrowing conversion of ‘nworkitems’ from ‘int’ to ‘size_t {aka long unsigned int}’ inside { } is ill-formed in C++11 [-Wnarrowing]
  size_t global_work[3] = { nworkitems, 1, 1 }; //nworkitems = no. of GPU threads
                                             ^
make[1]: warning: jobserver unavailable: using -j1.  Add `+' to parent make rule.
ex_particle_OCL_double_seq.cpp: In function ‘int particleFilter(unsigned char*, int, int, int, int*, int)’:
ex_particle_OCL_double_seq.cpp:504:23: warning: deprecated conversion from string constant to ‘char*’ [-Wwrite-strings]
     char * tempchar = "./particle_double.cl";
                       ^
ex_particle_OCL_double_seq.cpp:578:34: warning: deprecated conversion from string constant to ‘char*’ [-Wwrite-strings]
     char * s_likelihood_kernel = "likelihood_kernel";
                                  ^
ex_particle_OCL_double_seq.cpp:579:27: warning: deprecated conversion from string constant to ‘char*’ [-Wwrite-strings]
     char * s_sum_kernel = "sum_kernel";
                           ^
ex_particle_OCL_double_seq.cpp:580:41: warning: deprecated conversion from string constant to ‘char*’ [-Wwrite-strings]
     char * s_normalize_weights_kernel = "normalize_weights_kernel";
                                         ^
ex_particle_OCL_double_seq.cpp:581:34: warning: deprecated conversion from string constant to ‘char*’ [-Wwrite-strings]
     char * s_find_index_kernel = "find_index_kernel";
                                  ^
ex_particle_OCL_double_seq.cpp: In function ‘int main(int, char**)’:
ex_particle_OCL_double_seq.cpp:966:19: warning: deprecated conversion from string constant to ‘char*’ [-Wwrite-strings]
     char* usage = "double.out -x <dimX> -y <dimY> -z <Nfr> -np <Nparticles>";
                   ^
make[1]: warning: jobserver unavailable: using -j1.  Add `+' to parent make rule.
make[1]: warning: jobserver unavailable: using -j1.  Add `+' to parent make rule.
ex_particle_OCL_single_seq.cpp: In function ‘int particleFilter(unsigned char*, int, int, int, int*, int)’:
ex_particle_OCL_single_seq.cpp:504:23: warning: deprecated conversion from string constant to ‘char*’ [-Wwrite-strings]
     char * tempchar = "./particle_single.cl";
                       ^
ex_particle_OCL_single_seq.cpp:578:34: warning: deprecated conversion from string constant to ‘char*’ [-Wwrite-strings]
     char * s_likelihood_kernel = "likelihood_kernel";
                                  ^
ex_particle_OCL_single_seq.cpp:579:27: warning: deprecated conversion from string constant to ‘char*’ [-Wwrite-strings]
     char * s_sum_kernel = "sum_kernel";
                           ^
ex_particle_OCL_single_seq.cpp:580:41: warning: deprecated conversion from string constant to ‘char*’ [-Wwrite-strings]
     char * s_normalize_weights_kernel = "normalize_weights_kernel";
                                         ^
ex_particle_OCL_single_seq.cpp:581:34: warning: deprecated conversion from string constant to ‘char*’ [-Wwrite-strings]
     char * s_find_index_kernel = "find_index_kernel";
                                  ^
ex_particle_OCL_single_seq.cpp: In function ‘int main(int, char**)’:
ex_particle_OCL_single_seq.cpp:966:19: warning: deprecated conversion from string constant to ‘char*’ [-Wwrite-strings]
     char* usage = "float.out -x <dimX> -y <dimY> -z <Nfr> -np <Nparticles>";
                   ^
clutils.cpp: In function ‘_cl_mem* cl_allocImage(size_t, size_t, char, cl_mem_flags)’:
clutils.cpp:590:11: warning: ‘_cl_mem* clCreateImage2D(cl_context, cl_mem_flags, const cl_image_format*, size_t, size_t, size_t, void*, cl_int*)’ is deprecated (declared at /usr/include/CL/cl.h:1386) [-Wdeprecated-declarations]
     mem = clCreateImage2D(context, flags, &format, width, height, 0, NULL, &status);
           ^
clutils.cpp:590:83: warning: ‘_cl_mem* clCreateImage2D(cl_context, cl_mem_flags, const cl_image_format*, size_t, size_t, size_t, void*, cl_int*)’ is deprecated (declared at /usr/include/CL/cl.h:1386) [-Wdeprecated-declarations]
     mem = clCreateImage2D(context, flags, &format, width, height, 0, NULL, &status);
                                                                                   ^
OpenCL.cpp: In member function ‘void OpenCL::buildKernel()’:
OpenCL.cpp:147:8: warning: passing NULL to non-pointer argument 2 of ‘cl_int cecl_program(cl_program, cl_uint, _cl_device_id* const*, const char*, void (*)(cl_program, void*), void*, const char*)’ [-Wconversion-null]
  ret = CECL_PROGRAM(program, NULL, NULL, NULL, NULL, NULL);
        ^
find_ellipse_opencl.c: In function ‘GICOV_OpenCL’:
find_ellipse_opencl.c:118:9: warning: format ‘%d’ expects argument of type ‘int’, but argument 2 has type ‘size_t’ [-Wformat=]
         ,work_group_size, global_work_size);
         ^
find_ellipse_opencl.c:118:9: warning: format ‘%d’ expects argument of type ‘int’, but argument 3 has type ‘size_t’ [-Wformat=]
ar: creating meschach.a
driver.c: In function ‘create_seed’:
driver.c:119:2: error: ‘for’ loop initial declarations are only allowed in C99 mode
  for (int i = 0; i < SEED_SZ; ++i)
  ^
driver.c:119:2: note: use option -std=c99 or -std=gnu99 to compile your code
driver.c: In function ‘generate_arr’:
driver.c:129:2: error: ‘for’ loop initial declarations are only allowed in C99 mode
  for (int i = 0; i < items; i+=1024)
  ^
driver.c: In function ‘execute_kernel’:
driver.c:219:2: error: ‘for’ loop initial declarations are only allowed in C99 mode
  for (int i = 0; i < 3; ++i)
  ^
driver.c:225:11: error: redefinition of ‘i’
  for (int i = 0; i < 3; ++i) {
           ^
driver.c:219:11: note: previous definition of ‘i’ was here
  for (int i = 0; i < 3; ++i)
           ^
driver.c:225:2: error: ‘for’ loop initial declarations are only allowed in C99 mode
  for (int i = 0; i < 3; ++i) {
  ^
driver.c:248:11: error: redefinition of ‘i’
  for (int i = 0; i < 3; ++i) {
           ^
driver.c:225:11: note: previous definition of ‘i’ was here
  for (int i = 0; i < 3; ++i) {
           ^
driver.c:248:2: error: ‘for’ loop initial declarations are only allowed in C99 mode
  for (int i = 0; i < 3; ++i) {
  ^
make: *** [driver] Error 1
Traceback (most recent call last):
  File "run_exps.py", line 923, in <module>
    main(config.BENCHMARK_SUITE_NAMES, env_names, 1, config.LOGS_PATH)
  File "run_exps.py", line 914, in main
    benchmark_suite.ForceOpenCLEnvironment(env)
  File "run_exps.py", line 309, in ForceOpenCLEnvironment
    return self._ForceOpenCLEnvironment(env)
  File "run_exps.py", line 851, in _ForceOpenCLEnvironment
    Make("all", self.path)
  File "run_exps.py", line 250, in Make
    env=env,
  File "run_exps.py", line 102, in CheckCall
    subprocess.check_call(command, env=env)
  File "/usr/lib64/python3.6/subprocess.py", line 311, in check_call
    raise CalledProcessError(retcode, cmd)
subprocess.CalledProcessError: Command '['make', '-j', '8', 'all']' returned non-zero exit status 2.
